uvicorn.error:62 - Application startup complete.
uvicorn.error:258 - Shutting down
uvicorn.error:67 - Waiting for application shutdown.
uvicorn.error:76 - Application shutdown complete.
uvicorn.error:92 - Finished server process [71661]
uvicorn.error:62 - Application startup complete.
uvicorn.error:258 - Shutting down
uvicorn.error:67 - Waiting for application shutdown.
uvicorn.error:76 - Application shutdown complete.
uvicorn.error:92 - Finished server process [71730]
uvicorn.error:62 - Application startup complete.
uvicorn.error:258 - Shutting down
uvicorn.error:67 - Waiting for application shutdown.
uvicorn.error:76 - Application shutdown complete.
uvicorn.error:92 - Finished server process [71811]
uvicorn.error:62 - Application startup complete.
uvicorn.error:258 - Shutting down
uvicorn.error:67 - Waiting for application shutdown.
uvicorn.error:76 - Application shutdown complete.
uvicorn.error:92 - Finished server process [71854]
uvicorn.error:62 - Application startup complete.
uvicorn.access:466 - 127.0.0.1:53375 - "GET /post HTTP/1.1" 200
uvicorn.error:258 - Shutting down
uvicorn.error:67 - Waiting for application shutdown.
uvicorn.error:76 - Application shutdown complete.
uvicorn.error:92 - Finished server process [71872]
uvicorn.error:62 - Application startup complete.
uvicorn.error:258 - Shutting down
uvicorn.error:67 - Waiting for application shutdown.
uvicorn.error:76 - Application shutdown complete.
uvicorn.error:92 - Finished server process [71951]
uvicorn.error:62 - Application startup complete.
uvicorn.access:466 - 127.0.0.1:53389 - "GET /post HTTP/1.1" 200
uvicorn.error:258 - Shutting down
uvicorn.error:67 - Waiting for application shutdown.
uvicorn.error:76 - Application shutdown complete.
uvicorn.error:92 - Finished server process [71971]
uvicorn.error:62 - Application startup complete.
uvicorn.access:466 - 127.0.0.1:53394 - "GET /post HTTP/1.1" 200
uvicorn.error:258 - Shutting down
uvicorn.error:67 - Waiting for application shutdown.
uvicorn.error:76 - Application shutdown complete.
uvicorn.error:92 - Finished server process [71995]
uvicorn.error:62 - Application startup complete.
uvicorn.error:258 - Shutting down
uvicorn.error:67 - Waiting for application shutdown.
uvicorn.error:76 - Application shutdown complete.
uvicorn.error:92 - Finished server process [72014]
uvicorn.error:62 - Application startup complete.
uvicorn.error:258 - Shutting down
uvicorn.error:67 - Waiting for application shutdown.
uvicorn.error:76 - Application shutdown complete.
uvicorn.error:92 - Finished server process [72104]
uvicorn.error:62 - Application startup complete.
uvicorn.access:466 - 127.0.0.1:53416 - "GET /post/0/comment HTTP/1.1" 200
uvicorn.access:466 - 127.0.0.1:53417 - "GET /post/0 HTTP/1.1" 500
uvicorn.error:404 - Exception in ASGI application
Traceback (most recent call last):
  File "/Library/Frameworks/Python.framework/Versions/3.12/lib/python3.12/site-packages/uvicorn/protocols/http/httptools_impl.py", line 399, in run_asgi
    result = await app(  # type: ignore[func-returns-value]
             ^^^^^^^^^^^^^^^^^^^^^^^^^^^^^^^^^^^^^^^^^^^^^^
  File "/Library/Frameworks/Python.framework/Versions/3.12/lib/python3.12/site-packages/uvicorn/middleware/proxy_headers.py", line 70, in __call__
    return await self.app(scope, receive, send)
           ^^^^^^^^^^^^^^^^^^^^^^^^^^^^^^^^^^^^
  File "/Library/Frameworks/Python.framework/Versions/3.12/lib/python3.12/site-packages/fastapi/applications.py", line 1054, in __call__
    await super().__call__(scope, receive, send)
  File "/Library/Frameworks/Python.framework/Versions/3.12/lib/python3.12/site-packages/starlette/applications.py", line 123, in __call__
    await self.middleware_stack(scope, receive, send)
  File "/Library/Frameworks/Python.framework/Versions/3.12/lib/python3.12/site-packages/starlette/middleware/errors.py", line 186, in __call__
    raise exc
  File "/Library/Frameworks/Python.framework/Versions/3.12/lib/python3.12/site-packages/starlette/middleware/errors.py", line 164, in __call__
    await self.app(scope, receive, _send)
  File "/Library/Frameworks/Python.framework/Versions/3.12/lib/python3.12/site-packages/starlette/middleware/exceptions.py", line 65, in __call__
    await wrap_app_handling_exceptions(self.app, conn)(scope, receive, send)
  File "/Library/Frameworks/Python.framework/Versions/3.12/lib/python3.12/site-packages/starlette/_exception_handler.py", line 64, in wrapped_app
    raise exc
  File "/Library/Frameworks/Python.framework/Versions/3.12/lib/python3.12/site-packages/starlette/_exception_handler.py", line 53, in wrapped_app
    await app(scope, receive, sender)
  File "/Library/Frameworks/Python.framework/Versions/3.12/lib/python3.12/site-packages/starlette/routing.py", line 756, in __call__
    await self.middleware_stack(scope, receive, send)
  File "/Library/Frameworks/Python.framework/Versions/3.12/lib/python3.12/site-packages/starlette/routing.py", line 776, in app
    await route.handle(scope, receive, send)
  File "/Library/Frameworks/Python.framework/Versions/3.12/lib/python3.12/site-packages/starlette/routing.py", line 297, in handle
    await self.app(scope, receive, send)
  File "/Library/Frameworks/Python.framework/Versions/3.12/lib/python3.12/site-packages/starlette/routing.py", line 77, in app
    await wrap_app_handling_exceptions(app, request)(scope, receive, send)
  File "/Library/Frameworks/Python.framework/Versions/3.12/lib/python3.12/site-packages/starlette/_exception_handler.py", line 64, in wrapped_app
    raise exc
  File "/Library/Frameworks/Python.framework/Versions/3.12/lib/python3.12/site-packages/starlette/_exception_handler.py", line 53, in wrapped_app
    await app(scope, receive, sender)
  File "/Library/Frameworks/Python.framework/Versions/3.12/lib/python3.12/site-packages/starlette/routing.py", line 72, in app
    response = await func(request)
               ^^^^^^^^^^^^^^^^^^^
  File "/Library/Frameworks/Python.framework/Versions/3.12/lib/python3.12/site-packages/fastapi/routing.py", line 296, in app
    content = await serialize_response(
              ^^^^^^^^^^^^^^^^^^^^^^^^^
  File "/Library/Frameworks/Python.framework/Versions/3.12/lib/python3.12/site-packages/fastapi/routing.py", line 155, in serialize_response
    raise ResponseValidationError(
fastapi.exceptions.ResponseValidationError: 1 validation errors:
  {'type': 'model_attributes_type', 'loc': ('response', 'post'), 'msg': 'Input should be a valid dictionary or object to extract fields from', 'input': <coroutine object find_post at 0x1114c9be0>}

uvicorn.access:466 - 127.0.0.1:53420 - "GET /post/0/comment HTTP/1.1" 200
uvicorn.access:466 - 127.0.0.1:53422 - "GET /post/1 HTTP/1.1" 500
uvicorn.error:404 - Exception in ASGI application
Traceback (most recent call last):
  File "/Library/Frameworks/Python.framework/Versions/3.12/lib/python3.12/site-packages/uvicorn/protocols/http/httptools_impl.py", line 399, in run_asgi
    result = await app(  # type: ignore[func-returns-value]
             ^^^^^^^^^^^^^^^^^^^^^^^^^^^^^^^^^^^^^^^^^^^^^^
  File "/Library/Frameworks/Python.framework/Versions/3.12/lib/python3.12/site-packages/uvicorn/middleware/proxy_headers.py", line 70, in __call__
    return await self.app(scope, receive, send)
           ^^^^^^^^^^^^^^^^^^^^^^^^^^^^^^^^^^^^
  File "/Library/Frameworks/Python.framework/Versions/3.12/lib/python3.12/site-packages/fastapi/applications.py", line 1054, in __call__
    await super().__call__(scope, receive, send)
  File "/Library/Frameworks/Python.framework/Versions/3.12/lib/python3.12/site-packages/starlette/applications.py", line 123, in __call__
    await self.middleware_stack(scope, receive, send)
  File "/Library/Frameworks/Python.framework/Versions/3.12/lib/python3.12/site-packages/starlette/middleware/errors.py", line 186, in __call__
    raise exc
  File "/Library/Frameworks/Python.framework/Versions/3.12/lib/python3.12/site-packages/starlette/middleware/errors.py", line 164, in __call__
    await self.app(scope, receive, _send)
  File "/Library/Frameworks/Python.framework/Versions/3.12/lib/python3.12/site-packages/starlette/middleware/exceptions.py", line 65, in __call__
    await wrap_app_handling_exceptions(self.app, conn)(scope, receive, send)
  File "/Library/Frameworks/Python.framework/Versions/3.12/lib/python3.12/site-packages/starlette/_exception_handler.py", line 64, in wrapped_app
    raise exc
  File "/Library/Frameworks/Python.framework/Versions/3.12/lib/python3.12/site-packages/starlette/_exception_handler.py", line 53, in wrapped_app
    await app(scope, receive, sender)
  File "/Library/Frameworks/Python.framework/Versions/3.12/lib/python3.12/site-packages/starlette/routing.py", line 756, in __call__
    await self.middleware_stack(scope, receive, send)
  File "/Library/Frameworks/Python.framework/Versions/3.12/lib/python3.12/site-packages/starlette/routing.py", line 776, in app
    await route.handle(scope, receive, send)
  File "/Library/Frameworks/Python.framework/Versions/3.12/lib/python3.12/site-packages/starlette/routing.py", line 297, in handle
    await self.app(scope, receive, send)
  File "/Library/Frameworks/Python.framework/Versions/3.12/lib/python3.12/site-packages/starlette/routing.py", line 77, in app
    await wrap_app_handling_exceptions(app, request)(scope, receive, send)
  File "/Library/Frameworks/Python.framework/Versions/3.12/lib/python3.12/site-packages/starlette/_exception_handler.py", line 64, in wrapped_app
    raise exc
  File "/Library/Frameworks/Python.framework/Versions/3.12/lib/python3.12/site-packages/starlette/_exception_handler.py", line 53, in wrapped_app
    await app(scope, receive, sender)
  File "/Library/Frameworks/Python.framework/Versions/3.12/lib/python3.12/site-packages/starlette/routing.py", line 72, in app
    response = await func(request)
               ^^^^^^^^^^^^^^^^^^^
  File "/Library/Frameworks/Python.framework/Versions/3.12/lib/python3.12/site-packages/fastapi/routing.py", line 296, in app
    content = await serialize_response(
              ^^^^^^^^^^^^^^^^^^^^^^^^^
  File "/Library/Frameworks/Python.framework/Versions/3.12/lib/python3.12/site-packages/fastapi/routing.py", line 155, in serialize_response
    raise ResponseValidationError(
fastapi.exceptions.ResponseValidationError: 1 validation errors:
  {'type': 'model_attributes_type', 'loc': ('response', 'post'), 'msg': 'Input should be a valid dictionary or object to extract fields from', 'input': <coroutine object find_post at 0x11172be00>}

uvicorn.error:258 - Shutting down
uvicorn.error:67 - Waiting for application shutdown.
uvicorn.error:76 - Application shutdown complete.
uvicorn.error:92 - Finished server process [72131]
uvicorn.error:62 - Application startup complete.
uvicorn.error:258 - Shutting down
uvicorn.error:67 - Waiting for application shutdown.
uvicorn.error:76 - Application shutdown complete.
uvicorn.error:92 - Finished server process [72211]
uvicorn.error:62 - Application startup complete.
uvicorn.access:466 - 127.0.0.1:53451 - "GET /post/1 HTTP/1.1" 404
uvicorn.error:258 - Shutting down
uvicorn.error:67 - Waiting for application shutdown.
uvicorn.error:76 - Application shutdown complete.
uvicorn.error:92 - Finished server process [72230]
uvicorn.error:62 - Application startup complete.
uvicorn.error:258 - Shutting down
uvicorn.error:67 - Waiting for application shutdown.
uvicorn.error:76 - Application shutdown complete.
uvicorn.error:92 - Finished server process [72345]
uvicorn.error:62 - Application startup complete.
uvicorn.error:258 - Shutting down
uvicorn.error:67 - Waiting for application shutdown.
uvicorn.error:76 - Application shutdown complete.
uvicorn.error:92 - Finished server process [72370]
uvicorn.error:62 - Application startup complete.
uvicorn.error:258 - Shutting down
uvicorn.error:67 - Waiting for application shutdown.
uvicorn.error:76 - Application shutdown complete.
uvicorn.error:92 - Finished server process [72421]
uvicorn.error:62 - Application startup complete.
uvicorn.error:258 - Shutting down
uvicorn.error:67 - Waiting for application shutdown.
uvicorn.error:76 - Application shutdown complete.
uvicorn.error:92 - Finished server process [72486]
uvicorn.error:62 - Application startup complete.
uvicorn.error:258 - Shutting down
uvicorn.error:67 - Waiting for application shutdown.
uvicorn.error:76 - Application shutdown complete.
uvicorn.error:92 - Finished server process [72504]
uvicorn.error:62 - Application startup complete.
uvicorn.error:258 - Shutting down
uvicorn.error:67 - Waiting for application shutdown.
uvicorn.error:76 - Application shutdown complete.
uvicorn.error:92 - Finished server process [72517]
uvicorn.error:62 - Application startup complete.
uvicorn.access:466 - 127.0.0.1:53508 - "POST /post HTTP/1.1" 200
uvicorn.access:466 - 127.0.0.1:53508 - "POST /post HTTP/1.1" 200
uvicorn.access:466 - 127.0.0.1:53508 - "GET /post HTTP/1.1" 200
uvicorn.access:466 - 127.0.0.1:53508 - "GET /post/1 HTTP/1.1" 200
uvicorn.access:466 - 127.0.0.1:53510 - "GET /post/0/comment HTTP/1.1" 200
uvicorn.error:258 - Shutting down
uvicorn.error:67 - Waiting for application shutdown.
uvicorn.error:76 - Application shutdown complete.
uvicorn.error:92 - Finished server process [72554]
uvicorn.error:62 - Application startup complete.
uvicorn.error:258 - Shutting down
uvicorn.error:67 - Waiting for application shutdown.
uvicorn.error:76 - Application shutdown complete.
uvicorn.error:92 - Finished server process [74525]
uvicorn.error:62 - Application startup complete.
uvicorn.error:258 - Shutting down
uvicorn.error:67 - Waiting for application shutdown.
uvicorn.error:76 - Application shutdown complete.
uvicorn.error:92 - Finished server process [74557]
uvicorn.error:62 - Application startup complete.
uvicorn.error:258 - Shutting down
uvicorn.error:67 - Waiting for application shutdown.
uvicorn.error:76 - Application shutdown complete.
uvicorn.error:92 - Finished server process [74572]
uvicorn.error:62 - Application startup complete.
uvicorn.error:258 - Shutting down
uvicorn.error:67 - Waiting for application shutdown.
uvicorn.error:76 - Application shutdown complete.
uvicorn.error:92 - Finished server process [74633]
uvicorn.error:62 - Application startup complete.
uvicorn.error:258 - Shutting down
uvicorn.error:67 - Waiting for application shutdown.
uvicorn.error:76 - Application shutdown complete.
uvicorn.error:92 - Finished server process [74794]
uvicorn.error:62 - Application startup complete.
uvicorn.error:258 - Shutting down
uvicorn.error:67 - Waiting for application shutdown.
uvicorn.error:76 - Application shutdown complete.
uvicorn.error:92 - Finished server process [74844]
uvicorn.error:62 - Application startup complete.
uvicorn.error:258 - Shutting down
uvicorn.error:67 - Waiting for application shutdown.
uvicorn.error:76 - Application shutdown complete.
uvicorn.error:92 - Finished server process [74870]
uvicorn.error:62 - Application startup complete.
uvicorn.error:258 - Shutting down
uvicorn.error:67 - Waiting for application shutdown.
uvicorn.error:76 - Application shutdown complete.
uvicorn.error:92 - Finished server process [74930]
uvicorn.error:62 - Application startup complete.
uvicorn.error:258 - Shutting down
uvicorn.error:67 - Waiting for application shutdown.
uvicorn.error:76 - Application shutdown complete.
uvicorn.error:92 - Finished server process [74955]
uvicorn.error:62 - Application startup complete.
uvicorn.error:258 - Shutting down
uvicorn.error:67 - Waiting for application shutdown.
uvicorn.error:76 - Application shutdown complete.
uvicorn.error:92 - Finished server process [74971]
uvicorn.error:62 - Application startup complete.
uvicorn.error:258 - Shutting down
uvicorn.error:67 - Waiting for application shutdown.
uvicorn.error:76 - Application shutdown complete.
uvicorn.error:92 - Finished server process [74982]
uvicorn.error:62 - Application startup complete.
uvicorn.error:258 - Shutting down
uvicorn.error:67 - Waiting for application shutdown.
uvicorn.error:76 - Application shutdown complete.
uvicorn.error:92 - Finished server process [75024]
uvicorn.error:62 - Application startup complete.
uvicorn.error:258 - Shutting down
uvicorn.error:67 - Waiting for application shutdown.
uvicorn.error:76 - Application shutdown complete.
uvicorn.error:92 - Finished server process [75055]
uvicorn.error:62 - Application startup complete.
uvicorn.error:258 - Shutting down
uvicorn.error:67 - Waiting for application shutdown.
uvicorn.error:76 - Application shutdown complete.
uvicorn.error:92 - Finished server process [75169]
uvicorn.error:62 - Application startup complete.
uvicorn.error:258 - Shutting down
uvicorn.error:67 - Waiting for application shutdown.
uvicorn.error:76 - Application shutdown complete.
uvicorn.error:92 - Finished server process [75211]
uvicorn.error:62 - Application startup complete.
uvicorn.error:258 - Shutting down
uvicorn.error:67 - Waiting for application shutdown.
uvicorn.error:76 - Application shutdown complete.
uvicorn.error:92 - Finished server process [75262]
uvicorn.error:62 - Application startup complete.
uvicorn.error:258 - Shutting down
uvicorn.error:67 - Waiting for application shutdown.
uvicorn.error:76 - Application shutdown complete.
uvicorn.error:92 - Finished server process [75291]
uvicorn.error:62 - Application startup complete.
uvicorn.error:258 - Shutting down
uvicorn.error:67 - Waiting for application shutdown.
uvicorn.error:76 - Application shutdown complete.
uvicorn.error:92 - Finished server process [75328]
uvicorn.error:62 - Application startup complete.
uvicorn.error:258 - Shutting down
uvicorn.error:67 - Waiting for application shutdown.
uvicorn.error:76 - Application shutdown complete.
uvicorn.error:92 - Finished server process [75422]
uvicorn.error:62 - Application startup complete.
uvicorn.error:258 - Shutting down
uvicorn.error:67 - Waiting for application shutdown.
uvicorn.error:76 - Application shutdown complete.
uvicorn.error:92 - Finished server process [75463]
uvicorn.error:62 - Application startup complete.
uvicorn.error:258 - Shutting down
uvicorn.error:67 - Waiting for application shutdown.
uvicorn.error:76 - Application shutdown complete.
uvicorn.error:92 - Finished server process [75561]
(-) uvicorn.error:62 - Application startup complete.
(-) uvicorn.error:258 - Shutting down
(-) uvicorn.error:67 - Waiting for application shutdown.
(-) uvicorn.error:76 - Application shutdown complete.
(-) uvicorn.error:92 - Finished server process [75710]
(-) uvicorn.error:62 - Application startup complete.
(59f8f731) uvicorn.access:466 - 127.0.0.1:58726 - "GET /post HTTP/1.1" 200
(af5f9b6a) uvicorn.access:466 - 127.0.0.1:58726 - "GET /post HTTP/1.1" 200
(-) uvicorn.error:258 - Shutting down
(-) uvicorn.error:67 - Waiting for application shutdown.
(-) uvicorn.error:76 - Application shutdown complete.
(-) uvicorn.error:92 - Finished server process [75729]
(-) uvicorn.error:62 - Application startup complete.
(-) uvicorn.error:258 - Shutting down
(-) uvicorn.error:67 - Waiting for application shutdown.
(-) uvicorn.error:76 - Application shutdown complete.
(-) uvicorn.error:92 - Finished server process [76158]
(-) uvicorn.error:62 - Application startup complete.
(b9232ff7) uvicorn.access:466 - 127.0.0.1:58802 - "GET /post HTTP/1.1" 200
(-) uvicorn.error:258 - Shutting down
(-) uvicorn.error:67 - Waiting for application shutdown.
(-) uvicorn.error:76 - Application shutdown complete.
(-) uvicorn.error:92 - Finished server process [76180]
(-) uvicorn.error:62 - Application startup complete.
(-) uvicorn.error:258 - Shutting down
(-) uvicorn.error:67 - Waiting for application shutdown.
(-) uvicorn.error:76 - Application shutdown complete.
(-) uvicorn.error:92 - Finished server process [76237]
(-) uvicorn.error:62 - Application startup complete.
(00953f90) uvicorn.access:466 - 127.0.0.1:58816 - "GET / HTTP/1.1" 404
(a2ff5223) uvicorn.access:466 - 127.0.0.1:58816 - "GET /docs HTTP/1.1" 200
(bf51a3e1) uvicorn.access:466 - 127.0.0.1:58816 - "GET /openapi.json HTTP/1.1" 200
(34dc3f33) uvicorn.access:466 - 127.0.0.1:58820 - "POST /post HTTP/1.1" 200
(4e8c85ff) uvicorn.access:466 - 127.0.0.1:58821 - "POST /comment HTTP/1.1" 404
(7fd032ce) uvicorn.access:466 - 127.0.0.1:58821 - "POST /comment HTTP/1.1" 201
(81b1ff39) uvicorn.access:466 - 127.0.0.1:58821 - "POST /comment HTTP/1.1" 201
(c940e577) uvicorn.access:466 - 127.0.0.1:58823 - "GET /post/4/comment HTTP/1.1" 200
(7da3bf91) uvicorn.access:466 - 127.0.0.1:58826 - "GET /post/4 HTTP/1.1" 200
(6ac5d38a) uvicorn.access:466 - 127.0.0.1:58827 - "GET /post HTTP/1.1" 200
(-) uvicorn.error:258 - Shutting down
(-) uvicorn.error:67 - Waiting for application shutdown.
(-) uvicorn.error:76 - Application shutdown complete.
(-) uvicorn.error:92 - Finished server process [76256]
(-) uvicorn.error:62 - Application startup complete.
(-) uvicorn.error:258 - Shutting down
(-) uvicorn.error:67 - Waiting for application shutdown.
(-) uvicorn.error:76 - Application shutdown complete.
(-) uvicorn.error:92 - Finished server process [76399]
(-) uvicorn.error:62 - Application startup complete.
(-) uvicorn.error:258 - Shutting down
(-) uvicorn.error:67 - Waiting for application shutdown.
(-) uvicorn.error:76 - Application shutdown complete.
(-) uvicorn.error:92 - Finished server process [76412]
(-) uvicorn.error:62 - Application startup complete.
(-) uvicorn.error:258 - Shutting down
(-) uvicorn.error:67 - Waiting for application shutdown.
(-) uvicorn.error:76 - Application shutdown complete.
(-) uvicorn.error:92 - Finished server process [76424]
(-) uvicorn.error:62 - Application startup complete.
(-) uvicorn.error:258 - Shutting down
(-) uvicorn.error:67 - Waiting for application shutdown.
(-) uvicorn.error:76 - Application shutdown complete.
(-) uvicorn.error:92 - Finished server process [76658]
(-) uvicorn.error:62 - Application startup complete.
(-) uvicorn.error:258 - Shutting down
(-) uvicorn.error:67 - Waiting for application shutdown.
(-) uvicorn.error:76 - Application shutdown complete.
(-) uvicorn.error:92 - Finished server process [76834]
(-) uvicorn.error:62 - Application startup complete.
(-) uvicorn.error:258 - Shutting down
(-) uvicorn.error:67 - Waiting for application shutdown.
(-) uvicorn.error:76 - Application shutdown complete.
(-) uvicorn.error:92 - Finished server process [76852]
(-) uvicorn.error:62 - Application startup complete.
(-) uvicorn.error:258 - Shutting down
(-) uvicorn.error:67 - Waiting for application shutdown.
(-) uvicorn.error:76 - Application shutdown complete.
(-) uvicorn.error:92 - Finished server process [76863]
(-) uvicorn.error:62 - Application startup complete.
(-) uvicorn.error:258 - Shutting down
(-) uvicorn.error:67 - Waiting for application shutdown.
(-) uvicorn.error:76 - Application shutdown complete.
(-) uvicorn.error:92 - Finished server process [76921]
(-) uvicorn.error:62 - Application startup complete.
(-) uvicorn.error:258 - Shutting down
(-) uvicorn.error:67 - Waiting for application shutdown.
(-) uvicorn.error:76 - Application shutdown complete.
(-) uvicorn.error:92 - Finished server process [76938]
(-) uvicorn.error:62 - Application startup complete.
